###############################################################################
#
# IAR C/C++ Compiler V7.12.1.987/W32 for MSP430           04/Dec/2018  11:06:28
# Copyright 1996-2018 IAR Systems AB.
# PC-locked license - IAR Embedded Workbench for Texas Instruments MSP430, 8K KickStart Edition 7.12
#
#    __rt_version  =  3
#    __double_size =  32
#    __reg_r4      =  free
#    __reg_r5      =  free
#    __pic         =  no
#    __core        =  430X
#    __data_model  =  small
#    __code_model  =  large
#    Source file   =  
#        C:\Users\Ahmed\Desktop\Project 10- New Approach\Project 10\init.c
#    Command line  =  
#        -f C:\Users\Ahmed\AppData\Local\Temp\EW694F.tmp
#        ("C:\Users\Ahmed\Desktop\Project 10- New Approach\Project 10\init.c"
#        -lC "C:\Users\Ahmed\Desktop\Project 10- New Approach\Project
#        10\Debug\List" -o "C:\Users\Ahmed\Desktop\Project 10- New
#        Approach\Project 10\Debug\Obj" --no_cse --no_unroll --no_inline
#        --no_code_motion --no_tbaa --debug -D__MSP430FR5994__ -e --double=32
#        --dlib_config "C:\Program Files (x86)\IAR Systems\Embedded Workbench
#        8.0\430\lib\dlib\dl430xlsfn.h" --core=430X --data_model=small -On
#        --multiplier=32 --hw_workaround=CPU40 --code_model=large)
#    Locale        =  English_USA.1252
#    List file     =  
#        C:\Users\Ahmed\Desktop\Project 10- New Approach\Project
#        10\Debug\List\init.lst
#    Object file   =  
#        C:\Users\Ahmed\Desktop\Project 10- New Approach\Project
#        10\Debug\Obj\init.r43
#
###############################################################################

C:\Users\Ahmed\Desktop\Project 10- New Approach\Project 10\init.c
      1          //===========================================================================
      2          // File Name : init.c
      3          //
      4          // Description: This file contains initial conditions
      5          //
      6          // Author: Ahmed Al Mahrooqi
      7          // Date: September 2018
      8          // Compiler: Built with IAR Embedded Workbench Version: V4.10A/W32 (7.12.1)
      9          //===========================================================================
     10          
     11          #include  "msp430.h"
     12          #include  "functions.h"
     13          #include <string.h>
     14          #include "macros.h"
     15          
     16          //Global Variables
     17          extern char display_line[LCD_LINES][LCD_CHAR_NUM];
     18          extern char *display[LCD_LINES];
     19          extern volatile unsigned char update_display;
     20          extern volatile unsigned int update_display_count;
     21          extern char pwm_state;
     22          
     23          
     24            
     25            
     26          

   \                                 In  segment CODE, align 2
     27          void Init_Conditions(void){
   \                     Init_Conditions:
   \   000000   0A12         PUSH.W  R10
     28          //------------------------------------------------------------------------------
     29            int i;
     30          
     31            for(i=RESET_STATE;i<LCD_CHAR_NUM;i++){
   \   000002   0A43         MOV.W   #0x0, R10
   \                     ??Init_Conditions_0:
   \   000004   3A900B00     CMP.W   #0xb, R10
   \   000008   0A34         JGE     ??Init_Conditions_1
     32              display_line[RESET_STATE][i] = RESET_STATE;
   \   00000A   CA43....     MOV.B   #0x0, display_line(R10)
     33              display_line[LCD_LINE1][i] = RESET_STATE;
   \   00000E   CA43....     MOV.B   #0x0, display_line + 11(R10)
     34              display_line[LCD_LINE2][i] = RESET_STATE;
   \   000012   CA43....     MOV.B   #0x0, display_line + 22(R10)
     35              display_line[LCD_LINE3][i] = RESET_STATE;
   \   000016   CA43....     MOV.B   #0x0, display_line + 33(R10)
     36            }
   \   00001A   1A53         ADD.W   #0x1, R10
   \   00001C   F33F         JMP     ??Init_Conditions_0
     37            display_line[RESET_STATE][LCD_CHAR_10] = RESET_STATE;
   \                     ??Init_Conditions_1:
   \   00001E   C243....     MOV.B   #0x0, &display_line + 10
     38            display_line[LCD_LINE1][LCD_CHAR_10] = RESET_STATE;
   \   000022   C243....     MOV.B   #0x0, &display_line + 21
     39            display_line[LCD_LINE2][LCD_CHAR_10] = RESET_STATE;
   \   000026   C243....     MOV.B   #0x0, &display_line + 32
     40            display_line[LCD_LINE3][LCD_CHAR_10] = RESET_STATE;
   \   00002A   C243....     MOV.B   #0x0, &display_line + 43
     41          
     42            display[RESET_STATE] = &display_line[RESET_STATE][RESET_STATE];
   \   00002E   B240........ MOV.W   #display_line, &display
     43            display[LCD_LINE1] = &display_line[LCD_LINE1][RESET_STATE];
   \   000034   B240........ MOV.W   #display_line + 11, &display + 2
     44            display[LCD_LINE2] = &display_line[LCD_LINE2][RESET_STATE];
   \   00003A   B240........ MOV.W   #display_line + 22, &display + 4
     45            display[LCD_LINE3] = &display_line[LCD_LINE3][RESET_STATE];
   \   000040   B240........ MOV.W   #display_line + 33, &display + 6
     46            update_display = RESET_STATE;
   \   000046   C243....     MOV.B   #0x0, &update_display
     47            update_display_count = RESET_STATE;
   \   00004A   8243....     MOV.W   #0x0, &update_display_count
     48            pwm_state = PORTS;
   \   00004E   C243....     MOV.B   #0x0, &pwm_state
     49          // Interrupts are disabled by default, enable them.
     50            enable_interrupts();
   \   000052   ........     CALLA   #enable_interrupts
     51          //------------------------------------------------------------------------------
     52          }
   \   000056   3A41         POP.W   R10
   \   000058   1001         RETA

   Maximum stack usage in bytes:

   CSTACK Function
   ------ --------
      6   Init_Conditions
        6   -> enable_interrupts


   Segment part sizes:

   Bytes  Function/Label
   -----  --------------
      90  Init_Conditions

 
 90 bytes in segment CODE
 
 90 bytes of CODE memory

Errors: none
Warnings: none
